------------------------------------------------------------------------------
                           GCC Code Coverage Report
Directory: /home/veronika/SeminarProject/Zadanie102/build
------------------------------------------------------------------------------
File                                       Lines    Exec  Cover   Missing
------------------------------------------------------------------------------
------------------------------------------------------------------------------
TOTAL                                          0       0    --%
------------------------------------------------------------------------------
